0 info it worked if it ends with ok
1 verbose cli [ '/usr/local/bin/node', '/usr/local/bin/npm', 'run', 'eject' ]
2 info using npm@4.1.2
3 info using node@v6.2.2
4 verbose run-script [ 'preeject', 'eject', 'posteject' ]
5 info lifecycle burger@0.1.0~preeject: burger@0.1.0
6 silly lifecycle burger@0.1.0~preeject: no script for preeject, continuing
7 info lifecycle burger@0.1.0~eject: burger@0.1.0
8 verbose lifecycle burger@0.1.0~eject: unsafe-perm in lifecycle true
9 verbose lifecycle burger@0.1.0~eject: PATH: /usr/local/lib/node_modules/npm/bin/node-gyp-bin:/home/anuj/Burger/node_modules/.bin:/usr/local/heroku/bin:/usr/local/sbin:/usr/local/bin:/usr/sbin:/usr/bin:/sbin:/bin:/usr/games:/usr/local/games:/opt/jdk1.8.0_66/bin:/opt/ant/bin
10 verbose lifecycle burger@0.1.0~eject: CWD: /home/anuj/Burger
11 silly lifecycle burger@0.1.0~eject: Args: [ '-c', 'react-scripts eject' ]
12 silly lifecycle burger@0.1.0~eject: Returned: code: 1  signal: null
13 info lifecycle burger@0.1.0~eject: Failed to exec eject script
14 verbose stack Error: burger@0.1.0 eject: `react-scripts eject`
14 verbose stack Exit status 1
14 verbose stack     at EventEmitter.<anonymous> (/usr/local/lib/node_modules/npm/lib/utils/lifecycle.js:279:16)
14 verbose stack     at emitTwo (events.js:106:13)
14 verbose stack     at EventEmitter.emit (events.js:191:7)
14 verbose stack     at ChildProcess.<anonymous> (/usr/local/lib/node_modules/npm/lib/utils/spawn.js:40:14)
14 verbose stack     at emitTwo (events.js:106:13)
14 verbose stack     at ChildProcess.emit (events.js:191:7)
14 verbose stack     at maybeClose (internal/child_process.js:852:16)
14 verbose stack     at Process.ChildProcess._handle.onexit (internal/child_process.js:215:5)
15 verbose pkgid burger@0.1.0
16 verbose cwd /home/anuj/Burger
17 error Linux 4.4.0-51-generic
18 error argv "/usr/local/bin/node" "/usr/local/bin/npm" "run" "eject"
19 error node v6.2.2
20 error npm  v4.1.2
21 error code ELIFECYCLE
22 error burger@0.1.0 eject: `react-scripts eject`
22 error Exit status 1
23 error Failed at the burger@0.1.0 eject script 'react-scripts eject'.
23 error Make sure you have the latest version of node.js and npm installed.
23 error If you do, this is most likely a problem with the burger package,
23 error not with npm itself.
23 error Tell the author that this fails on your system:
23 error     react-scripts eject
23 error You can get information on how to open an issue for this project with:
23 error     npm bugs burger
23 error Or if that isn't available, you can get their info via:
23 error     npm owner ls burger
23 error There is likely additional logging output above.
24 verbose exit [ 1, true ]
